2023-06-15 07:06:44,110 DEBUG    root            Loaded Command Group: ['gcloud', 'auth']
2023-06-15 07:06:44,114 DEBUG    root            Loaded Command Group: ['gcloud', 'auth', 'configure_docker']
2023-06-15 07:06:44,117 DEBUG    root            Running [gcloud.auth.configure-docker] with arguments: []
2023-06-15 07:06:44,164 WARNING  root            Your config file at [/home/jupyter/.docker/config.json] contains these credential helper entries:

{
  "credHelpers": {
    "gcr.io": "gcloud",
    "us.gcr.io": "gcloud",
    "eu.gcr.io": "gcloud",
    "asia.gcr.io": "gcloud",
    "staging-k8s.gcr.io": "gcloud",
    "marketplace.gcr.io": "gcloud"
  }
}
2023-06-15 07:06:44,165 INFO     ___FILE_ONLY___ Adding credentials for all GCR repositories.

2023-06-15 07:06:44,165 WARNING  root            A long list of credential helpers may cause delays running 'docker build'. We recommend passing the registry name to configure only the registry you are using.
2023-06-15 07:06:44,166 INFO     ___FILE_ONLY___ gcloud credential helpers already registered correctly.

2023-06-15 07:06:44,166 DEBUG    root            Chosen display Format:default
2023-06-15 07:06:44,167 INFO     root            Display format: "default"
2023-06-15 07:06:44,168 DEBUG    root            SDK update checks are disabled.
2023-06-15 07:06:44,191 INFO     ___FILE_ONLY___ 

To take a quick anonymous survey, run:
  $ gcloud survey


