2023-06-15 07:08:28,289 DEBUG    root            Loaded Command Group: ['gcloud', 'auth']
2023-06-15 07:08:28,292 DEBUG    root            Loaded Command Group: ['gcloud', 'auth', 'docker_helper']
2023-06-15 07:08:28,295 DEBUG    root            Running [gcloud.auth.docker-helper] with arguments: [METHOD: "get"]
2023-06-15 07:08:28,306 DEBUG    google.auth.transport.requests Making request: GET http://metadata.google.internal/computeMetadata/v1/instance/service-accounts/505955864673-compute@developer.gserviceaccount.com/?recursive=true
2023-06-15 07:08:28,309 DEBUG    urllib3.connectionpool Starting new HTTP connection (1): metadata.google.internal:80
2023-06-15 07:08:28,311 DEBUG    urllib3.connectionpool http://metadata.google.internal:80 "GET /computeMetadata/v1/instance/service-accounts/505955864673-compute@developer.gserviceaccount.com/?recursive=true HTTP/1.1" 200 155
2023-06-15 07:08:28,312 DEBUG    google.auth.transport.requests Making request: GET http://metadata.google.internal/computeMetadata/v1/instance/service-accounts/505955864673-compute@developer.gserviceaccount.com/token
2023-06-15 07:08:28,315 DEBUG    urllib3.connectionpool http://metadata.google.internal:80 "GET /computeMetadata/v1/instance/service-accounts/505955864673-compute@developer.gserviceaccount.com/token HTTP/1.1" 200 865
2023-06-15 07:08:28,329 DEBUG    google.auth.transport.requests Making request: GET http://metadata.google.internal/computeMetadata/v1/instance/service-accounts/505955864673-compute@developer.gserviceaccount.com/?recursive=true
2023-06-15 07:08:28,331 DEBUG    urllib3.connectionpool Starting new HTTP connection (1): metadata.google.internal:80
2023-06-15 07:08:28,334 DEBUG    urllib3.connectionpool http://metadata.google.internal:80 "GET /computeMetadata/v1/instance/service-accounts/505955864673-compute@developer.gserviceaccount.com/?recursive=true HTTP/1.1" 200 155
2023-06-15 07:08:28,335 DEBUG    google.auth.transport.requests Making request: GET http://metadata.google.internal/computeMetadata/v1/instance/service-accounts/505955864673-compute@developer.gserviceaccount.com/token?scopes=https%3A%2F%2Fwww.googleapis.com%2Fauth%2Fcloud-platform%2Chttps%3A%2F%2Fwww.googleapis.com%2Fauth%2Fuserinfo.email
2023-06-15 07:08:28,339 DEBUG    urllib3.connectionpool http://metadata.google.internal:80 "GET /computeMetadata/v1/instance/service-accounts/505955864673-compute@developer.gserviceaccount.com/token?scopes=https%3A%2F%2Fwww.googleapis.com%2Fauth%2Fcloud-platform%2Chttps%3A%2F%2Fwww.googleapis.com%2Fauth%2Fuserinfo.email HTTP/1.1" 200 865
2023-06-15 07:08:28,343 DEBUG    root            Chosen display Format:json
2023-06-15 07:08:28,344 INFO     root            Display format: "json"
2023-06-15 07:08:28,344 INFO     ___FILE_ONLY___ {
  "Secret": "ya29.c.b0Aaekm1K15E-CKNMxDQtpTblRAqzM8n8ipre18gDrnNtC-_NkbruIf5UdrcbszFvr_iIHIRLe6_R-MuUxAMzjZ6zx7L98SZLi8lBO6tlVAZ2jTNnggbJdzVUNPqIbNh6OF9hcPWEfK7N8B-nTi1MZjJMP_8O0U-lXF2iE8oV_1g8R93QVLxrb-VL4Ua15Vu4chx78UlytXu15OWQZP1-Iif0wV5nLbd1Y6iCKQLYpPUBrPzWvtylSPBr6q-crf8YO7yhUi3Xk91xmg2JRicdzbg2EewxiFn962OezzkU7tW6E_PTMEK1bkSvGJCSlsM8zxPBw3SOSIdSljieOkJ4E348K2njjkBQXkQy2hQFimgmue4ScuJrV8X0UIBa0Vk6Rsur7spyIcx6XgVW6nj88M9ymoqzuU6Wq7sl31lY8IFOgkt6Y35vdx3xSQ4yRWx361urJzWezJMy4nq6wZImZma7wgVcjeXW0RmsyjBvSXtaOrWjYeRmmd_v8q3t80riWB8FXYtF04BMqjFj54WnqwFJ-rp_V80uuwMMluzZQ58RdXbSrB17_qcb47hhcxrnhk3M1_v_hc2d7UuViZ03sIz0RMYzM5UF7mrOBrz3-FjmwBb7iUS7OpqzFSBilURIfYohd7m2yQkRRdVrJ-UOc5Z8R7hygws-7lOkJo0af0MjZ1XXfn9jwprxynz064ZWVMW5mz_MJYRIw0ki-p_5VRVvijyJmvcnBlhF1q8QgZz9ic4md-tcyOJO6Im9o_OWzdSg_gixdhOx7w6_RnBbVp90mcU_j35v7XfM8dVkogbVclrQa-cY5h-BBYk5v8Fhy-01552fxnJsgqkW5znngwoQ9kWfSjwy4YrZMFeqjQy7yQQfzhpY4Fhmoxw4ByB144t5gvWnydjWd6JY-vr-ppW-J-cOUcmSq4fa8wYiyxzwkWwOJgZqIW6-3dFi_pJqeVY0Vjhs5aOBS5WZQJa6R0upc4YOYI71JUnxdBbztZdzBgeM-UYr2uva",
  "Username": "_dcgcloud_token"
}
2023-06-15 07:08:28,344 INFO     ___FILE_ONLY___ 

2023-06-15 07:08:28,345 DEBUG    root            SDK update checks are disabled.
