2023-06-15 09:02:16,867 DEBUG    root            Loaded Command Group: ['gcloud', 'run']
2023-06-15 09:02:17,088 DEBUG    root            Loaded Command Group: ['gcloud', 'run', 'deploy']
2023-06-15 09:02:17,138 DEBUG    root            Running [gcloud.run.deploy] with arguments: [--allow-unauthenticated: "True", --image: "gcr.io/tcloud-data-analysis/ncf-api", --platform: "managed", --region: "asia-northeast1", SERVICE: "ncf-api"]
2023-06-15 09:02:17,153 DEBUG    google.auth.transport.requests Making request: GET http://metadata.google.internal/computeMetadata/v1/instance/service-accounts/505955864673-compute@developer.gserviceaccount.com/?recursive=true
2023-06-15 09:02:17,156 DEBUG    urllib3.connectionpool Starting new HTTP connection (1): metadata.google.internal:80
2023-06-15 09:02:17,158 DEBUG    urllib3.connectionpool http://metadata.google.internal:80 "GET /computeMetadata/v1/instance/service-accounts/505955864673-compute@developer.gserviceaccount.com/?recursive=true HTTP/1.1" 200 155
2023-06-15 09:02:17,159 DEBUG    google.auth.transport.requests Making request: GET http://metadata.google.internal/computeMetadata/v1/instance/service-accounts/505955864673-compute@developer.gserviceaccount.com/token
2023-06-15 09:02:17,162 DEBUG    urllib3.connectionpool http://metadata.google.internal:80 "GET /computeMetadata/v1/instance/service-accounts/505955864673-compute@developer.gserviceaccount.com/token HTTP/1.1" 200 870
2023-06-15 09:02:17,180 DEBUG    google.auth.transport.requests Making request: GET http://metadata.google.internal/computeMetadata/v1/instance/service-accounts/505955864673-compute@developer.gserviceaccount.com/?recursive=true
2023-06-15 09:02:17,182 DEBUG    urllib3.connectionpool Starting new HTTP connection (1): metadata.google.internal:80
2023-06-15 09:02:17,184 DEBUG    urllib3.connectionpool http://metadata.google.internal:80 "GET /computeMetadata/v1/instance/service-accounts/505955864673-compute@developer.gserviceaccount.com/?recursive=true HTTP/1.1" 200 155
2023-06-15 09:02:17,184 DEBUG    google.auth.transport.requests Making request: GET http://metadata.google.internal/computeMetadata/v1/instance/service-accounts/505955864673-compute@developer.gserviceaccount.com/token
2023-06-15 09:02:17,187 DEBUG    urllib3.connectionpool http://metadata.google.internal:80 "GET /computeMetadata/v1/instance/service-accounts/505955864673-compute@developer.gserviceaccount.com/token HTTP/1.1" 200 870
2023-06-15 09:02:17,216 DEBUG    google.auth.transport.requests Making request: GET http://metadata.google.internal/computeMetadata/v1/instance/service-accounts/505955864673-compute@developer.gserviceaccount.com/?recursive=true
2023-06-15 09:02:17,217 DEBUG    urllib3.connectionpool Starting new HTTP connection (1): metadata.google.internal:80
2023-06-15 09:02:17,220 DEBUG    urllib3.connectionpool http://metadata.google.internal:80 "GET /computeMetadata/v1/instance/service-accounts/505955864673-compute@developer.gserviceaccount.com/?recursive=true HTTP/1.1" 200 155
2023-06-15 09:02:17,220 DEBUG    google.auth.transport.requests Making request: GET http://metadata.google.internal/computeMetadata/v1/instance/service-accounts/505955864673-compute@developer.gserviceaccount.com/token
2023-06-15 09:02:17,224 DEBUG    urllib3.connectionpool http://metadata.google.internal:80 "GET /computeMetadata/v1/instance/service-accounts/505955864673-compute@developer.gserviceaccount.com/token HTTP/1.1" 200 870
2023-06-15 09:02:17,236 DEBUG    google.auth.transport.requests Making request: GET http://metadata.google.internal/computeMetadata/v1/instance/service-accounts/505955864673-compute@developer.gserviceaccount.com/?recursive=true
2023-06-15 09:02:17,238 DEBUG    urllib3.connectionpool Starting new HTTP connection (1): metadata.google.internal:80
2023-06-15 09:02:17,240 DEBUG    urllib3.connectionpool http://metadata.google.internal:80 "GET /computeMetadata/v1/instance/service-accounts/505955864673-compute@developer.gserviceaccount.com/?recursive=true HTTP/1.1" 200 155
2023-06-15 09:02:17,240 DEBUG    google.auth.transport.requests Making request: GET http://metadata.google.internal/computeMetadata/v1/instance/service-accounts/505955864673-compute@developer.gserviceaccount.com/token
2023-06-15 09:02:17,244 DEBUG    urllib3.connectionpool http://metadata.google.internal:80 "GET /computeMetadata/v1/instance/service-accounts/505955864673-compute@developer.gserviceaccount.com/token HTTP/1.1" 200 870
2023-06-15 09:02:17,252 DEBUG    urllib3.connectionpool Starting new HTTPS connection (1): asia-northeast1-run.googleapis.com:443
2023-06-15 09:02:17,597 DEBUG    urllib3.connectionpool https://asia-northeast1-run.googleapis.com:443 "GET /apis/serving.knative.dev/v1/namespaces/tcloud-data-analysis/services/ncf-api?alt=json HTTP/1.1" 404 None
2023-06-15 09:02:17,601 INFO     ___FILE_ONLY___ Deploying container to Cloud Run service [[1mncf-api[m] in project [[1mtcloud-data-analysis[m] region [[1masia-northeast1[m]

2023-06-15 09:02:17,602 INFO     ___FILE_ONLY___ Deploying new service...
2023-06-15 09:02:17,609 DEBUG    urllib3.connectionpool Starting new HTTPS connection (1): asia-northeast1-run.googleapis.com:443
2023-06-15 09:02:19,021 DEBUG    urllib3.connectionpool https://asia-northeast1-run.googleapis.com:443 "POST /apis/serving.knative.dev/v1/namespaces/tcloud-data-analysis/services?alt=json HTTP/1.1" 200 None
2023-06-15 09:02:19,033 DEBUG    urllib3.connectionpool Starting new HTTPS connection (1): run.googleapis.com:443
2023-06-15 09:02:19,533 DEBUG    urllib3.connectionpool https://run.googleapis.com:443 "GET /v1/projects/tcloud-data-analysis/locations/asia-northeast1/services/ncf-api:getIamPolicy?alt=json HTTP/1.1" 200 None
2023-06-15 09:02:19,539 DEBUG    urllib3.connectionpool Starting new HTTPS connection (1): run.googleapis.com:443
2023-06-15 09:02:20,009 DEBUG    urllib3.connectionpool https://run.googleapis.com:443 "POST /v1/projects/tcloud-data-analysis/locations/asia-northeast1/services/ncf-api:setIamPolicy?alt=json HTTP/1.1" 403 None
2023-06-15 09:02:20,015 DEBUG    urllib3.connectionpool Starting new HTTPS connection (1): asia-northeast1-run.googleapis.com:443
2023-06-15 09:02:20,309 DEBUG    urllib3.connectionpool https://asia-northeast1-run.googleapis.com:443 "GET /apis/serving.knative.dev/v1/namespaces/tcloud-data-analysis/services/ncf-api?alt=json HTTP/1.1" 200 None
2023-06-15 09:02:21,319 DEBUG    urllib3.connectionpool Starting new HTTPS connection (1): asia-northeast1-run.googleapis.com:443
2023-06-15 09:02:21,626 DEBUG    urllib3.connectionpool https://asia-northeast1-run.googleapis.com:443 "GET /apis/serving.knative.dev/v1/namespaces/tcloud-data-analysis/services/ncf-api?alt=json HTTP/1.1" 200 None
2023-06-15 09:02:22,637 DEBUG    urllib3.connectionpool Starting new HTTPS connection (1): asia-northeast1-run.googleapis.com:443
2023-06-15 09:02:22,941 DEBUG    urllib3.connectionpool https://asia-northeast1-run.googleapis.com:443 "GET /apis/serving.knative.dev/v1/namespaces/tcloud-data-analysis/services/ncf-api?alt=json HTTP/1.1" 200 None
2023-06-15 09:02:23,952 DEBUG    urllib3.connectionpool Starting new HTTPS connection (1): asia-northeast1-run.googleapis.com:443
2023-06-15 09:02:24,249 DEBUG    urllib3.connectionpool https://asia-northeast1-run.googleapis.com:443 "GET /apis/serving.knative.dev/v1/namespaces/tcloud-data-analysis/services/ncf-api?alt=json HTTP/1.1" 200 None
2023-06-15 09:02:25,259 DEBUG    urllib3.connectionpool Starting new HTTPS connection (1): asia-northeast1-run.googleapis.com:443
2023-06-15 09:02:25,538 DEBUG    urllib3.connectionpool https://asia-northeast1-run.googleapis.com:443 "GET /apis/serving.knative.dev/v1/namespaces/tcloud-data-analysis/services/ncf-api?alt=json HTTP/1.1" 200 None
2023-06-15 09:02:26,548 DEBUG    urllib3.connectionpool Starting new HTTPS connection (1): asia-northeast1-run.googleapis.com:443
2023-06-15 09:02:26,788 DEBUG    urllib3.connectionpool https://asia-northeast1-run.googleapis.com:443 "GET /apis/serving.knative.dev/v1/namespaces/tcloud-data-analysis/services/ncf-api?alt=json HTTP/1.1" 200 None
2023-06-15 09:02:27,798 DEBUG    urllib3.connectionpool Starting new HTTPS connection (1): asia-northeast1-run.googleapis.com:443
2023-06-15 09:02:28,079 DEBUG    urllib3.connectionpool https://asia-northeast1-run.googleapis.com:443 "GET /apis/serving.knative.dev/v1/namespaces/tcloud-data-analysis/services/ncf-api?alt=json HTTP/1.1" 200 None
2023-06-15 09:02:29,088 DEBUG    urllib3.connectionpool Starting new HTTPS connection (1): asia-northeast1-run.googleapis.com:443
2023-06-15 09:02:29,336 DEBUG    urllib3.connectionpool https://asia-northeast1-run.googleapis.com:443 "GET /apis/serving.knative.dev/v1/namespaces/tcloud-data-analysis/services/ncf-api?alt=json HTTP/1.1" 200 None
2023-06-15 09:02:30,345 DEBUG    urllib3.connectionpool Starting new HTTPS connection (1): asia-northeast1-run.googleapis.com:443
2023-06-15 09:02:30,620 DEBUG    urllib3.connectionpool https://asia-northeast1-run.googleapis.com:443 "GET /apis/serving.knative.dev/v1/namespaces/tcloud-data-analysis/services/ncf-api?alt=json HTTP/1.1" 200 None
2023-06-15 09:02:31,631 DEBUG    urllib3.connectionpool Starting new HTTPS connection (1): asia-northeast1-run.googleapis.com:443
2023-06-15 09:02:31,906 DEBUG    urllib3.connectionpool https://asia-northeast1-run.googleapis.com:443 "GET /apis/serving.knative.dev/v1/namespaces/tcloud-data-analysis/services/ncf-api?alt=json HTTP/1.1" 200 None
2023-06-15 09:02:32,916 DEBUG    urllib3.connectionpool Starting new HTTPS connection (1): asia-northeast1-run.googleapis.com:443
2023-06-15 09:02:33,209 DEBUG    urllib3.connectionpool https://asia-northeast1-run.googleapis.com:443 "GET /apis/serving.knative.dev/v1/namespaces/tcloud-data-analysis/services/ncf-api?alt=json HTTP/1.1" 200 None
2023-06-15 09:02:34,219 DEBUG    urllib3.connectionpool Starting new HTTPS connection (1): asia-northeast1-run.googleapis.com:443
2023-06-15 09:02:34,489 DEBUG    urllib3.connectionpool https://asia-northeast1-run.googleapis.com:443 "GET /apis/serving.knative.dev/v1/namespaces/tcloud-data-analysis/services/ncf-api?alt=json HTTP/1.1" 200 None
2023-06-15 09:02:35,499 DEBUG    urllib3.connectionpool Starting new HTTPS connection (1): asia-northeast1-run.googleapis.com:443
2023-06-15 09:02:35,781 DEBUG    urllib3.connectionpool https://asia-northeast1-run.googleapis.com:443 "GET /apis/serving.knative.dev/v1/namespaces/tcloud-data-analysis/services/ncf-api?alt=json HTTP/1.1" 200 None
2023-06-15 09:02:36,792 DEBUG    urllib3.connectionpool Starting new HTTPS connection (1): asia-northeast1-run.googleapis.com:443
2023-06-15 09:02:37,061 DEBUG    urllib3.connectionpool https://asia-northeast1-run.googleapis.com:443 "GET /apis/serving.knative.dev/v1/namespaces/tcloud-data-analysis/services/ncf-api?alt=json HTTP/1.1" 200 None
2023-06-15 09:02:38,071 DEBUG    urllib3.connectionpool Starting new HTTPS connection (1): asia-northeast1-run.googleapis.com:443
2023-06-15 09:02:38,349 DEBUG    urllib3.connectionpool https://asia-northeast1-run.googleapis.com:443 "GET /apis/serving.knative.dev/v1/namespaces/tcloud-data-analysis/services/ncf-api?alt=json HTTP/1.1" 200 None
2023-06-15 09:02:39,359 DEBUG    urllib3.connectionpool Starting new HTTPS connection (1): asia-northeast1-run.googleapis.com:443
2023-06-15 09:02:39,653 DEBUG    urllib3.connectionpool https://asia-northeast1-run.googleapis.com:443 "GET /apis/serving.knative.dev/v1/namespaces/tcloud-data-analysis/services/ncf-api?alt=json HTTP/1.1" 200 None
2023-06-15 09:02:40,663 DEBUG    urllib3.connectionpool Starting new HTTPS connection (1): asia-northeast1-run.googleapis.com:443
2023-06-15 09:02:40,937 DEBUG    urllib3.connectionpool https://asia-northeast1-run.googleapis.com:443 "GET /apis/serving.knative.dev/v1/namespaces/tcloud-data-analysis/services/ncf-api?alt=json HTTP/1.1" 200 None
2023-06-15 09:02:41,947 DEBUG    urllib3.connectionpool Starting new HTTPS connection (1): asia-northeast1-run.googleapis.com:443
2023-06-15 09:02:42,211 DEBUG    urllib3.connectionpool https://asia-northeast1-run.googleapis.com:443 "GET /apis/serving.knative.dev/v1/namespaces/tcloud-data-analysis/services/ncf-api?alt=json HTTP/1.1" 200 None
2023-06-15 09:02:43,221 DEBUG    urllib3.connectionpool Starting new HTTPS connection (1): asia-northeast1-run.googleapis.com:443
2023-06-15 09:02:43,462 DEBUG    urllib3.connectionpool https://asia-northeast1-run.googleapis.com:443 "GET /apis/serving.knative.dev/v1/namespaces/tcloud-data-analysis/services/ncf-api?alt=json HTTP/1.1" 200 None
2023-06-15 09:02:44,472 DEBUG    urllib3.connectionpool Starting new HTTPS connection (1): asia-northeast1-run.googleapis.com:443
2023-06-15 09:02:44,743 DEBUG    urllib3.connectionpool https://asia-northeast1-run.googleapis.com:443 "GET /apis/serving.knative.dev/v1/namespaces/tcloud-data-analysis/services/ncf-api?alt=json HTTP/1.1" 200 None
2023-06-15 09:02:45,753 DEBUG    urllib3.connectionpool Starting new HTTPS connection (1): asia-northeast1-run.googleapis.com:443
2023-06-15 09:02:46,023 DEBUG    urllib3.connectionpool https://asia-northeast1-run.googleapis.com:443 "GET /apis/serving.knative.dev/v1/namespaces/tcloud-data-analysis/services/ncf-api?alt=json HTTP/1.1" 200 None
2023-06-15 09:02:47,032 DEBUG    urllib3.connectionpool Starting new HTTPS connection (1): asia-northeast1-run.googleapis.com:443
2023-06-15 09:02:47,287 DEBUG    urllib3.connectionpool https://asia-northeast1-run.googleapis.com:443 "GET /apis/serving.knative.dev/v1/namespaces/tcloud-data-analysis/services/ncf-api?alt=json HTTP/1.1" 200 None
2023-06-15 09:02:48,297 DEBUG    urllib3.connectionpool Starting new HTTPS connection (1): asia-northeast1-run.googleapis.com:443
2023-06-15 09:02:48,593 DEBUG    urllib3.connectionpool https://asia-northeast1-run.googleapis.com:443 "GET /apis/serving.knative.dev/v1/namespaces/tcloud-data-analysis/services/ncf-api?alt=json HTTP/1.1" 200 None
2023-06-15 09:02:49,603 DEBUG    urllib3.connectionpool Starting new HTTPS connection (1): asia-northeast1-run.googleapis.com:443
2023-06-15 09:02:49,861 DEBUG    urllib3.connectionpool https://asia-northeast1-run.googleapis.com:443 "GET /apis/serving.knative.dev/v1/namespaces/tcloud-data-analysis/services/ncf-api?alt=json HTTP/1.1" 200 None
2023-06-15 09:02:50,872 DEBUG    urllib3.connectionpool Starting new HTTPS connection (1): asia-northeast1-run.googleapis.com:443
2023-06-15 09:02:51,169 DEBUG    urllib3.connectionpool https://asia-northeast1-run.googleapis.com:443 "GET /apis/serving.knative.dev/v1/namespaces/tcloud-data-analysis/services/ncf-api?alt=json HTTP/1.1" 200 None
2023-06-15 09:02:52,180 DEBUG    urllib3.connectionpool Starting new HTTPS connection (1): asia-northeast1-run.googleapis.com:443
2023-06-15 09:02:52,433 DEBUG    urllib3.connectionpool https://asia-northeast1-run.googleapis.com:443 "GET /apis/serving.knative.dev/v1/namespaces/tcloud-data-analysis/services/ncf-api?alt=json HTTP/1.1" 200 None
2023-06-15 09:02:53,443 DEBUG    urllib3.connectionpool Starting new HTTPS connection (1): asia-northeast1-run.googleapis.com:443
2023-06-15 09:02:53,694 DEBUG    urllib3.connectionpool https://asia-northeast1-run.googleapis.com:443 "GET /apis/serving.knative.dev/v1/namespaces/tcloud-data-analysis/services/ncf-api?alt=json HTTP/1.1" 200 None
2023-06-15 09:02:54,704 DEBUG    urllib3.connectionpool Starting new HTTPS connection (1): asia-northeast1-run.googleapis.com:443
2023-06-15 09:02:54,943 DEBUG    urllib3.connectionpool https://asia-northeast1-run.googleapis.com:443 "GET /apis/serving.knative.dev/v1/namespaces/tcloud-data-analysis/services/ncf-api?alt=json HTTP/1.1" 200 None
2023-06-15 09:02:55,952 DEBUG    urllib3.connectionpool Starting new HTTPS connection (1): asia-northeast1-run.googleapis.com:443
2023-06-15 09:02:56,202 DEBUG    urllib3.connectionpool https://asia-northeast1-run.googleapis.com:443 "GET /apis/serving.knative.dev/v1/namespaces/tcloud-data-analysis/services/ncf-api?alt=json HTTP/1.1" 200 None
2023-06-15 09:02:57,212 DEBUG    urllib3.connectionpool Starting new HTTPS connection (1): asia-northeast1-run.googleapis.com:443
2023-06-15 09:02:57,474 DEBUG    urllib3.connectionpool https://asia-northeast1-run.googleapis.com:443 "GET /apis/serving.knative.dev/v1/namespaces/tcloud-data-analysis/services/ncf-api?alt=json HTTP/1.1" 200 None
2023-06-15 09:02:58,483 DEBUG    urllib3.connectionpool Starting new HTTPS connection (1): asia-northeast1-run.googleapis.com:443
2023-06-15 09:02:58,768 DEBUG    urllib3.connectionpool https://asia-northeast1-run.googleapis.com:443 "GET /apis/serving.knative.dev/v1/namespaces/tcloud-data-analysis/services/ncf-api?alt=json HTTP/1.1" 200 None
2023-06-15 09:02:59,778 DEBUG    urllib3.connectionpool Starting new HTTPS connection (1): asia-northeast1-run.googleapis.com:443
2023-06-15 09:03:00,020 DEBUG    urllib3.connectionpool https://asia-northeast1-run.googleapis.com:443 "GET /apis/serving.knative.dev/v1/namespaces/tcloud-data-analysis/services/ncf-api?alt=json HTTP/1.1" 200 None
2023-06-15 09:03:01,030 DEBUG    urllib3.connectionpool Starting new HTTPS connection (1): asia-northeast1-run.googleapis.com:443
2023-06-15 09:03:01,311 DEBUG    urllib3.connectionpool https://asia-northeast1-run.googleapis.com:443 "GET /apis/serving.knative.dev/v1/namespaces/tcloud-data-analysis/services/ncf-api?alt=json HTTP/1.1" 200 None
2023-06-15 09:03:02,323 DEBUG    urllib3.connectionpool Starting new HTTPS connection (1): asia-northeast1-run.googleapis.com:443
2023-06-15 09:03:02,597 DEBUG    urllib3.connectionpool https://asia-northeast1-run.googleapis.com:443 "GET /apis/serving.knative.dev/v1/namespaces/tcloud-data-analysis/services/ncf-api?alt=json HTTP/1.1" 200 None
2023-06-15 09:03:03,607 DEBUG    urllib3.connectionpool Starting new HTTPS connection (1): asia-northeast1-run.googleapis.com:443
2023-06-15 09:03:03,862 DEBUG    urllib3.connectionpool https://asia-northeast1-run.googleapis.com:443 "GET /apis/serving.knative.dev/v1/namespaces/tcloud-data-analysis/services/ncf-api?alt=json HTTP/1.1" 200 None
2023-06-15 09:03:04,872 DEBUG    urllib3.connectionpool Starting new HTTPS connection (1): asia-northeast1-run.googleapis.com:443
2023-06-15 09:03:05,147 DEBUG    urllib3.connectionpool https://asia-northeast1-run.googleapis.com:443 "GET /apis/serving.knative.dev/v1/namespaces/tcloud-data-analysis/services/ncf-api?alt=json HTTP/1.1" 200 None
2023-06-15 09:03:06,157 DEBUG    urllib3.connectionpool Starting new HTTPS connection (1): asia-northeast1-run.googleapis.com:443
2023-06-15 09:03:06,399 DEBUG    urllib3.connectionpool https://asia-northeast1-run.googleapis.com:443 "GET /apis/serving.knative.dev/v1/namespaces/tcloud-data-analysis/services/ncf-api?alt=json HTTP/1.1" 200 None
2023-06-15 09:03:07,411 DEBUG    urllib3.connectionpool Starting new HTTPS connection (1): asia-northeast1-run.googleapis.com:443
2023-06-15 09:03:07,673 DEBUG    urllib3.connectionpool https://asia-northeast1-run.googleapis.com:443 "GET /apis/serving.knative.dev/v1/namespaces/tcloud-data-analysis/services/ncf-api?alt=json HTTP/1.1" 200 None
2023-06-15 09:03:08,682 DEBUG    urllib3.connectionpool Starting new HTTPS connection (1): asia-northeast1-run.googleapis.com:443
2023-06-15 09:03:08,931 DEBUG    urllib3.connectionpool https://asia-northeast1-run.googleapis.com:443 "GET /apis/serving.knative.dev/v1/namespaces/tcloud-data-analysis/services/ncf-api?alt=json HTTP/1.1" 200 None
2023-06-15 09:03:09,941 DEBUG    urllib3.connectionpool Starting new HTTPS connection (1): asia-northeast1-run.googleapis.com:443
2023-06-15 09:03:10,191 DEBUG    urllib3.connectionpool https://asia-northeast1-run.googleapis.com:443 "GET /apis/serving.knative.dev/v1/namespaces/tcloud-data-analysis/services/ncf-api?alt=json HTTP/1.1" 200 None
2023-06-15 09:03:11,201 DEBUG    urllib3.connectionpool Starting new HTTPS connection (1): asia-northeast1-run.googleapis.com:443
2023-06-15 09:03:11,478 DEBUG    urllib3.connectionpool https://asia-northeast1-run.googleapis.com:443 "GET /apis/serving.knative.dev/v1/namespaces/tcloud-data-analysis/services/ncf-api?alt=json HTTP/1.1" 200 None
2023-06-15 09:03:12,489 DEBUG    urllib3.connectionpool Starting new HTTPS connection (1): asia-northeast1-run.googleapis.com:443
2023-06-15 09:03:12,772 DEBUG    urllib3.connectionpool https://asia-northeast1-run.googleapis.com:443 "GET /apis/serving.knative.dev/v1/namespaces/tcloud-data-analysis/services/ncf-api?alt=json HTTP/1.1" 200 None
2023-06-15 09:03:13,783 DEBUG    urllib3.connectionpool Starting new HTTPS connection (1): asia-northeast1-run.googleapis.com:443
2023-06-15 09:03:14,045 DEBUG    urllib3.connectionpool https://asia-northeast1-run.googleapis.com:443 "GET /apis/serving.knative.dev/v1/namespaces/tcloud-data-analysis/services/ncf-api?alt=json HTTP/1.1" 200 None
2023-06-15 09:03:15,054 DEBUG    urllib3.connectionpool Starting new HTTPS connection (1): asia-northeast1-run.googleapis.com:443
2023-06-15 09:03:15,305 DEBUG    urllib3.connectionpool https://asia-northeast1-run.googleapis.com:443 "GET /apis/serving.knative.dev/v1/namespaces/tcloud-data-analysis/services/ncf-api?alt=json HTTP/1.1" 200 None
2023-06-15 09:03:16,315 DEBUG    urllib3.connectionpool Starting new HTTPS connection (1): asia-northeast1-run.googleapis.com:443
2023-06-15 09:03:16,567 DEBUG    urllib3.connectionpool https://asia-northeast1-run.googleapis.com:443 "GET /apis/serving.knative.dev/v1/namespaces/tcloud-data-analysis/services/ncf-api?alt=json HTTP/1.1" 200 None
2023-06-15 09:03:17,577 DEBUG    urllib3.connectionpool Starting new HTTPS connection (1): asia-northeast1-run.googleapis.com:443
2023-06-15 09:03:17,820 DEBUG    urllib3.connectionpool https://asia-northeast1-run.googleapis.com:443 "GET /apis/serving.knative.dev/v1/namespaces/tcloud-data-analysis/services/ncf-api?alt=json HTTP/1.1" 200 None
2023-06-15 09:03:18,830 DEBUG    urllib3.connectionpool Starting new HTTPS connection (1): asia-northeast1-run.googleapis.com:443
2023-06-15 09:03:19,071 DEBUG    urllib3.connectionpool https://asia-northeast1-run.googleapis.com:443 "GET /apis/serving.knative.dev/v1/namespaces/tcloud-data-analysis/services/ncf-api?alt=json HTTP/1.1" 200 None
2023-06-15 09:03:20,080 DEBUG    urllib3.connectionpool Starting new HTTPS connection (1): asia-northeast1-run.googleapis.com:443
2023-06-15 09:03:20,322 DEBUG    urllib3.connectionpool https://asia-northeast1-run.googleapis.com:443 "GET /apis/serving.knative.dev/v1/namespaces/tcloud-data-analysis/services/ncf-api?alt=json HTTP/1.1" 200 None
2023-06-15 09:03:21,332 DEBUG    urllib3.connectionpool Starting new HTTPS connection (1): asia-northeast1-run.googleapis.com:443
2023-06-15 09:03:21,625 DEBUG    urllib3.connectionpool https://asia-northeast1-run.googleapis.com:443 "GET /apis/serving.knative.dev/v1/namespaces/tcloud-data-analysis/services/ncf-api?alt=json HTTP/1.1" 200 None
2023-06-15 09:03:22,636 DEBUG    urllib3.connectionpool Starting new HTTPS connection (1): asia-northeast1-run.googleapis.com:443
2023-06-15 09:03:22,873 DEBUG    urllib3.connectionpool https://asia-northeast1-run.googleapis.com:443 "GET /apis/serving.knative.dev/v1/namespaces/tcloud-data-analysis/services/ncf-api?alt=json HTTP/1.1" 200 None
2023-06-15 09:03:23,883 DEBUG    urllib3.connectionpool Starting new HTTPS connection (1): asia-northeast1-run.googleapis.com:443
2023-06-15 09:03:24,150 DEBUG    urllib3.connectionpool https://asia-northeast1-run.googleapis.com:443 "GET /apis/serving.knative.dev/v1/namespaces/tcloud-data-analysis/services/ncf-api?alt=json HTTP/1.1" 200 None
2023-06-15 09:03:25,159 DEBUG    urllib3.connectionpool Starting new HTTPS connection (1): asia-northeast1-run.googleapis.com:443
2023-06-15 09:03:25,403 DEBUG    urllib3.connectionpool https://asia-northeast1-run.googleapis.com:443 "GET /apis/serving.knative.dev/v1/namespaces/tcloud-data-analysis/services/ncf-api?alt=json HTTP/1.1" 200 None
2023-06-15 09:03:26,413 DEBUG    urllib3.connectionpool Starting new HTTPS connection (1): asia-northeast1-run.googleapis.com:443
2023-06-15 09:03:26,649 DEBUG    urllib3.connectionpool https://asia-northeast1-run.googleapis.com:443 "GET /apis/serving.knative.dev/v1/namespaces/tcloud-data-analysis/services/ncf-api?alt=json HTTP/1.1" 200 None
2023-06-15 09:03:27,660 DEBUG    urllib3.connectionpool Starting new HTTPS connection (1): asia-northeast1-run.googleapis.com:443
2023-06-15 09:03:27,930 DEBUG    urllib3.connectionpool https://asia-northeast1-run.googleapis.com:443 "GET /apis/serving.knative.dev/v1/namespaces/tcloud-data-analysis/services/ncf-api?alt=json HTTP/1.1" 200 None
2023-06-15 09:03:28,940 DEBUG    urllib3.connectionpool Starting new HTTPS connection (1): asia-northeast1-run.googleapis.com:443
2023-06-15 09:03:29,375 DEBUG    urllib3.connectionpool https://asia-northeast1-run.googleapis.com:443 "GET /apis/serving.knative.dev/v1/namespaces/tcloud-data-analysis/services/ncf-api?alt=json HTTP/1.1" 200 None
2023-06-15 09:03:30,385 DEBUG    urllib3.connectionpool Starting new HTTPS connection (1): asia-northeast1-run.googleapis.com:443
2023-06-15 09:03:30,652 DEBUG    urllib3.connectionpool https://asia-northeast1-run.googleapis.com:443 "GET /apis/serving.knative.dev/v1/namespaces/tcloud-data-analysis/services/ncf-api?alt=json HTTP/1.1" 200 None
2023-06-15 09:03:31,661 DEBUG    urllib3.connectionpool Starting new HTTPS connection (1): asia-northeast1-run.googleapis.com:443
2023-06-15 09:03:31,907 DEBUG    urllib3.connectionpool https://asia-northeast1-run.googleapis.com:443 "GET /apis/serving.knative.dev/v1/namespaces/tcloud-data-analysis/services/ncf-api?alt=json HTTP/1.1" 200 None
2023-06-15 09:03:32,917 DEBUG    urllib3.connectionpool Starting new HTTPS connection (1): asia-northeast1-run.googleapis.com:443
2023-06-15 09:03:33,156 DEBUG    urllib3.connectionpool https://asia-northeast1-run.googleapis.com:443 "GET /apis/serving.knative.dev/v1/namespaces/tcloud-data-analysis/services/ncf-api?alt=json HTTP/1.1" 200 None
2023-06-15 09:03:34,166 DEBUG    urllib3.connectionpool Starting new HTTPS connection (1): asia-northeast1-run.googleapis.com:443
2023-06-15 09:03:34,438 DEBUG    urllib3.connectionpool https://asia-northeast1-run.googleapis.com:443 "GET /apis/serving.knative.dev/v1/namespaces/tcloud-data-analysis/services/ncf-api?alt=json HTTP/1.1" 200 None
2023-06-15 09:03:35,447 DEBUG    urllib3.connectionpool Starting new HTTPS connection (1): asia-northeast1-run.googleapis.com:443
2023-06-15 09:03:35,696 DEBUG    urllib3.connectionpool https://asia-northeast1-run.googleapis.com:443 "GET /apis/serving.knative.dev/v1/namespaces/tcloud-data-analysis/services/ncf-api?alt=json HTTP/1.1" 200 None
2023-06-15 09:03:36,707 DEBUG    urllib3.connectionpool Starting new HTTPS connection (1): asia-northeast1-run.googleapis.com:443
2023-06-15 09:03:36,974 DEBUG    urllib3.connectionpool https://asia-northeast1-run.googleapis.com:443 "GET /apis/serving.knative.dev/v1/namespaces/tcloud-data-analysis/services/ncf-api?alt=json HTTP/1.1" 200 None
2023-06-15 09:03:37,983 DEBUG    urllib3.connectionpool Starting new HTTPS connection (1): asia-northeast1-run.googleapis.com:443
2023-06-15 09:03:38,230 DEBUG    urllib3.connectionpool https://asia-northeast1-run.googleapis.com:443 "GET /apis/serving.knative.dev/v1/namespaces/tcloud-data-analysis/services/ncf-api?alt=json HTTP/1.1" 200 None
2023-06-15 09:03:39,240 DEBUG    urllib3.connectionpool Starting new HTTPS connection (1): asia-northeast1-run.googleapis.com:443
2023-06-15 09:03:39,492 DEBUG    urllib3.connectionpool https://asia-northeast1-run.googleapis.com:443 "GET /apis/serving.knative.dev/v1/namespaces/tcloud-data-analysis/services/ncf-api?alt=json HTTP/1.1" 200 None
2023-06-15 09:03:40,502 DEBUG    urllib3.connectionpool Starting new HTTPS connection (1): asia-northeast1-run.googleapis.com:443
2023-06-15 09:03:40,743 DEBUG    urllib3.connectionpool https://asia-northeast1-run.googleapis.com:443 "GET /apis/serving.knative.dev/v1/namespaces/tcloud-data-analysis/services/ncf-api?alt=json HTTP/1.1" 200 None
2023-06-15 09:03:41,753 DEBUG    urllib3.connectionpool Starting new HTTPS connection (1): asia-northeast1-run.googleapis.com:443
2023-06-15 09:03:42,026 DEBUG    urllib3.connectionpool https://asia-northeast1-run.googleapis.com:443 "GET /apis/serving.knative.dev/v1/namespaces/tcloud-data-analysis/services/ncf-api?alt=json HTTP/1.1" 200 None
2023-06-15 09:03:43,036 DEBUG    urllib3.connectionpool Starting new HTTPS connection (1): asia-northeast1-run.googleapis.com:443
2023-06-15 09:03:43,278 DEBUG    urllib3.connectionpool https://asia-northeast1-run.googleapis.com:443 "GET /apis/serving.knative.dev/v1/namespaces/tcloud-data-analysis/services/ncf-api?alt=json HTTP/1.1" 200 None
2023-06-15 09:03:44,288 DEBUG    urllib3.connectionpool Starting new HTTPS connection (1): asia-northeast1-run.googleapis.com:443
2023-06-15 09:03:44,387 DEBUG    urllib3.connectionpool https://asia-northeast1-run.googleapis.com:443 "GET /apis/serving.knative.dev/v1/namespaces/tcloud-data-analysis/services/ncf-api?alt=json HTTP/1.1" 200 None
2023-06-15 09:03:45,397 DEBUG    urllib3.connectionpool Starting new HTTPS connection (1): asia-northeast1-run.googleapis.com:443
2023-06-15 09:03:45,635 DEBUG    urllib3.connectionpool https://asia-northeast1-run.googleapis.com:443 "GET /apis/serving.knative.dev/v1/namespaces/tcloud-data-analysis/services/ncf-api?alt=json HTTP/1.1" 200 None
2023-06-15 09:03:46,645 DEBUG    urllib3.connectionpool Starting new HTTPS connection (1): asia-northeast1-run.googleapis.com:443
2023-06-15 09:03:46,906 DEBUG    urllib3.connectionpool https://asia-northeast1-run.googleapis.com:443 "GET /apis/serving.knative.dev/v1/namespaces/tcloud-data-analysis/services/ncf-api?alt=json HTTP/1.1" 200 None
2023-06-15 09:03:47,916 DEBUG    urllib3.connectionpool Starting new HTTPS connection (1): asia-northeast1-run.googleapis.com:443
2023-06-15 09:03:48,176 DEBUG    urllib3.connectionpool https://asia-northeast1-run.googleapis.com:443 "GET /apis/serving.knative.dev/v1/namespaces/tcloud-data-analysis/services/ncf-api?alt=json HTTP/1.1" 200 None
2023-06-15 09:03:49,186 DEBUG    urllib3.connectionpool Starting new HTTPS connection (1): asia-northeast1-run.googleapis.com:443
2023-06-15 09:03:49,464 DEBUG    urllib3.connectionpool https://asia-northeast1-run.googleapis.com:443 "GET /apis/serving.knative.dev/v1/namespaces/tcloud-data-analysis/services/ncf-api?alt=json HTTP/1.1" 200 None
2023-06-15 09:03:50,474 DEBUG    urllib3.connectionpool Starting new HTTPS connection (1): asia-northeast1-run.googleapis.com:443
2023-06-15 09:03:50,718 DEBUG    urllib3.connectionpool https://asia-northeast1-run.googleapis.com:443 "GET /apis/serving.knative.dev/v1/namespaces/tcloud-data-analysis/services/ncf-api?alt=json HTTP/1.1" 200 None
2023-06-15 09:03:51,728 DEBUG    urllib3.connectionpool Starting new HTTPS connection (1): asia-northeast1-run.googleapis.com:443
2023-06-15 09:03:52,004 DEBUG    urllib3.connectionpool https://asia-northeast1-run.googleapis.com:443 "GET /apis/serving.knative.dev/v1/namespaces/tcloud-data-analysis/services/ncf-api?alt=json HTTP/1.1" 200 None
2023-06-15 09:03:53,013 DEBUG    urllib3.connectionpool Starting new HTTPS connection (1): asia-northeast1-run.googleapis.com:443
2023-06-15 09:03:53,276 DEBUG    urllib3.connectionpool https://asia-northeast1-run.googleapis.com:443 "GET /apis/serving.knative.dev/v1/namespaces/tcloud-data-analysis/services/ncf-api?alt=json HTTP/1.1" 200 None
2023-06-15 09:03:54,286 DEBUG    urllib3.connectionpool Starting new HTTPS connection (1): asia-northeast1-run.googleapis.com:443
2023-06-15 09:03:54,524 DEBUG    urllib3.connectionpool https://asia-northeast1-run.googleapis.com:443 "GET /apis/serving.knative.dev/v1/namespaces/tcloud-data-analysis/services/ncf-api?alt=json HTTP/1.1" 200 None
2023-06-15 09:03:55,535 DEBUG    urllib3.connectionpool Starting new HTTPS connection (1): asia-northeast1-run.googleapis.com:443
2023-06-15 09:03:55,616 DEBUG    urllib3.connectionpool https://asia-northeast1-run.googleapis.com:443 "GET /apis/serving.knative.dev/v1/namespaces/tcloud-data-analysis/services/ncf-api?alt=json HTTP/1.1" 200 None
2023-06-15 09:03:56,626 DEBUG    urllib3.connectionpool Starting new HTTPS connection (1): asia-northeast1-run.googleapis.com:443
2023-06-15 09:03:56,896 DEBUG    urllib3.connectionpool https://asia-northeast1-run.googleapis.com:443 "GET /apis/serving.knative.dev/v1/namespaces/tcloud-data-analysis/services/ncf-api?alt=json HTTP/1.1" 200 None
2023-06-15 09:03:57,905 DEBUG    urllib3.connectionpool Starting new HTTPS connection (1): asia-northeast1-run.googleapis.com:443
2023-06-15 09:03:58,142 DEBUG    urllib3.connectionpool https://asia-northeast1-run.googleapis.com:443 "GET /apis/serving.knative.dev/v1/namespaces/tcloud-data-analysis/services/ncf-api?alt=json HTTP/1.1" 200 None
2023-06-15 09:03:59,152 DEBUG    urllib3.connectionpool Starting new HTTPS connection (1): asia-northeast1-run.googleapis.com:443
2023-06-15 09:03:59,410 DEBUG    urllib3.connectionpool https://asia-northeast1-run.googleapis.com:443 "GET /apis/serving.knative.dev/v1/namespaces/tcloud-data-analysis/services/ncf-api?alt=json HTTP/1.1" 200 None
2023-06-15 09:04:00,420 DEBUG    urllib3.connectionpool Starting new HTTPS connection (1): asia-northeast1-run.googleapis.com:443
2023-06-15 09:04:00,673 DEBUG    urllib3.connectionpool https://asia-northeast1-run.googleapis.com:443 "GET /apis/serving.knative.dev/v1/namespaces/tcloud-data-analysis/services/ncf-api?alt=json HTTP/1.1" 200 None
2023-06-15 09:04:01,683 DEBUG    urllib3.connectionpool Starting new HTTPS connection (1): asia-northeast1-run.googleapis.com:443
2023-06-15 09:04:01,921 DEBUG    urllib3.connectionpool https://asia-northeast1-run.googleapis.com:443 "GET /apis/serving.knative.dev/v1/namespaces/tcloud-data-analysis/services/ncf-api?alt=json HTTP/1.1" 200 None
2023-06-15 09:04:02,931 DEBUG    urllib3.connectionpool Starting new HTTPS connection (1): asia-northeast1-run.googleapis.com:443
2023-06-15 09:04:03,196 DEBUG    urllib3.connectionpool https://asia-northeast1-run.googleapis.com:443 "GET /apis/serving.knative.dev/v1/namespaces/tcloud-data-analysis/services/ncf-api?alt=json HTTP/1.1" 200 None
2023-06-15 09:04:04,205 DEBUG    urllib3.connectionpool Starting new HTTPS connection (1): asia-northeast1-run.googleapis.com:443
2023-06-15 09:04:04,474 DEBUG    urllib3.connectionpool https://asia-northeast1-run.googleapis.com:443 "GET /apis/serving.knative.dev/v1/namespaces/tcloud-data-analysis/services/ncf-api?alt=json HTTP/1.1" 200 None
2023-06-15 09:04:05,484 DEBUG    urllib3.connectionpool Starting new HTTPS connection (1): asia-northeast1-run.googleapis.com:443
2023-06-15 09:04:05,722 DEBUG    urllib3.connectionpool https://asia-northeast1-run.googleapis.com:443 "GET /apis/serving.knative.dev/v1/namespaces/tcloud-data-analysis/services/ncf-api?alt=json HTTP/1.1" 200 None
2023-06-15 09:04:06,732 DEBUG    urllib3.connectionpool Starting new HTTPS connection (1): asia-northeast1-run.googleapis.com:443
2023-06-15 09:04:06,972 DEBUG    urllib3.connectionpool https://asia-northeast1-run.googleapis.com:443 "GET /apis/serving.knative.dev/v1/namespaces/tcloud-data-analysis/services/ncf-api?alt=json HTTP/1.1" 200 None
2023-06-15 09:04:07,983 DEBUG    urllib3.connectionpool Starting new HTTPS connection (1): asia-northeast1-run.googleapis.com:443
2023-06-15 09:04:08,237 DEBUG    urllib3.connectionpool https://asia-northeast1-run.googleapis.com:443 "GET /apis/serving.knative.dev/v1/namespaces/tcloud-data-analysis/services/ncf-api?alt=json HTTP/1.1" 200 None
2023-06-15 09:04:09,248 DEBUG    urllib3.connectionpool Starting new HTTPS connection (1): asia-northeast1-run.googleapis.com:443
2023-06-15 09:04:09,515 DEBUG    urllib3.connectionpool https://asia-northeast1-run.googleapis.com:443 "GET /apis/serving.knative.dev/v1/namespaces/tcloud-data-analysis/services/ncf-api?alt=json HTTP/1.1" 200 None
2023-06-15 09:04:10,525 DEBUG    urllib3.connectionpool Starting new HTTPS connection (1): asia-northeast1-run.googleapis.com:443
2023-06-15 09:04:10,802 DEBUG    urllib3.connectionpool https://asia-northeast1-run.googleapis.com:443 "GET /apis/serving.knative.dev/v1/namespaces/tcloud-data-analysis/services/ncf-api?alt=json HTTP/1.1" 200 None
2023-06-15 09:04:11,812 DEBUG    urllib3.connectionpool Starting new HTTPS connection (1): asia-northeast1-run.googleapis.com:443
2023-06-15 09:04:12,079 DEBUG    urllib3.connectionpool https://asia-northeast1-run.googleapis.com:443 "GET /apis/serving.knative.dev/v1/namespaces/tcloud-data-analysis/services/ncf-api?alt=json HTTP/1.1" 200 None
2023-06-15 09:04:13,088 DEBUG    urllib3.connectionpool Starting new HTTPS connection (1): asia-northeast1-run.googleapis.com:443
2023-06-15 09:04:13,327 DEBUG    urllib3.connectionpool https://asia-northeast1-run.googleapis.com:443 "GET /apis/serving.knative.dev/v1/namespaces/tcloud-data-analysis/services/ncf-api?alt=json HTTP/1.1" 200 None
2023-06-15 09:04:14,337 DEBUG    urllib3.connectionpool Starting new HTTPS connection (1): asia-northeast1-run.googleapis.com:443
2023-06-15 09:04:14,592 DEBUG    urllib3.connectionpool https://asia-northeast1-run.googleapis.com:443 "GET /apis/serving.knative.dev/v1/namespaces/tcloud-data-analysis/services/ncf-api?alt=json HTTP/1.1" 200 None
2023-06-15 09:04:15,601 DEBUG    urllib3.connectionpool Starting new HTTPS connection (1): asia-northeast1-run.googleapis.com:443
2023-06-15 09:04:15,852 DEBUG    urllib3.connectionpool https://asia-northeast1-run.googleapis.com:443 "GET /apis/serving.knative.dev/v1/namespaces/tcloud-data-analysis/services/ncf-api?alt=json HTTP/1.1" 200 None
2023-06-15 09:04:16,863 DEBUG    urllib3.connectionpool Starting new HTTPS connection (1): asia-northeast1-run.googleapis.com:443
2023-06-15 09:04:17,124 DEBUG    urllib3.connectionpool https://asia-northeast1-run.googleapis.com:443 "GET /apis/serving.knative.dev/v1/namespaces/tcloud-data-analysis/services/ncf-api?alt=json HTTP/1.1" 200 None
2023-06-15 09:04:18,133 DEBUG    urllib3.connectionpool Starting new HTTPS connection (1): asia-northeast1-run.googleapis.com:443
2023-06-15 09:04:18,380 DEBUG    urllib3.connectionpool https://asia-northeast1-run.googleapis.com:443 "GET /apis/serving.knative.dev/v1/namespaces/tcloud-data-analysis/services/ncf-api?alt=json HTTP/1.1" 200 None
2023-06-15 09:04:19,390 DEBUG    urllib3.connectionpool Starting new HTTPS connection (1): asia-northeast1-run.googleapis.com:443
2023-06-15 09:04:19,639 DEBUG    urllib3.connectionpool https://asia-northeast1-run.googleapis.com:443 "GET /apis/serving.knative.dev/v1/namespaces/tcloud-data-analysis/services/ncf-api?alt=json HTTP/1.1" 200 None
2023-06-15 09:04:20,649 DEBUG    urllib3.connectionpool Starting new HTTPS connection (1): asia-northeast1-run.googleapis.com:443
2023-06-15 09:04:20,911 DEBUG    urllib3.connectionpool https://asia-northeast1-run.googleapis.com:443 "GET /apis/serving.knative.dev/v1/namespaces/tcloud-data-analysis/services/ncf-api?alt=json HTTP/1.1" 200 None
2023-06-15 09:04:21,921 DEBUG    urllib3.connectionpool Starting new HTTPS connection (1): asia-northeast1-run.googleapis.com:443
2023-06-15 09:04:22,180 DEBUG    urllib3.connectionpool https://asia-northeast1-run.googleapis.com:443 "GET /apis/serving.knative.dev/v1/namespaces/tcloud-data-analysis/services/ncf-api?alt=json HTTP/1.1" 200 None
2023-06-15 09:04:23,190 DEBUG    urllib3.connectionpool Starting new HTTPS connection (1): asia-northeast1-run.googleapis.com:443
2023-06-15 09:04:23,437 DEBUG    urllib3.connectionpool https://asia-northeast1-run.googleapis.com:443 "GET /apis/serving.knative.dev/v1/namespaces/tcloud-data-analysis/services/ncf-api?alt=json HTTP/1.1" 200 None
2023-06-15 09:04:24,447 DEBUG    urllib3.connectionpool Starting new HTTPS connection (1): asia-northeast1-run.googleapis.com:443
2023-06-15 09:04:24,687 DEBUG    urllib3.connectionpool https://asia-northeast1-run.googleapis.com:443 "GET /apis/serving.knative.dev/v1/namespaces/tcloud-data-analysis/services/ncf-api?alt=json HTTP/1.1" 200 None
2023-06-15 09:04:25,697 DEBUG    urllib3.connectionpool Starting new HTTPS connection (1): asia-northeast1-run.googleapis.com:443
2023-06-15 09:04:25,962 DEBUG    urllib3.connectionpool https://asia-northeast1-run.googleapis.com:443 "GET /apis/serving.knative.dev/v1/namespaces/tcloud-data-analysis/services/ncf-api?alt=json HTTP/1.1" 200 None
2023-06-15 09:04:26,972 DEBUG    urllib3.connectionpool Starting new HTTPS connection (1): asia-northeast1-run.googleapis.com:443
2023-06-15 09:04:27,250 DEBUG    urllib3.connectionpool https://asia-northeast1-run.googleapis.com:443 "GET /apis/serving.knative.dev/v1/namespaces/tcloud-data-analysis/services/ncf-api?alt=json HTTP/1.1" 200 None
2023-06-15 09:04:28,260 DEBUG    urllib3.connectionpool Starting new HTTPS connection (1): asia-northeast1-run.googleapis.com:443
2023-06-15 09:04:28,499 DEBUG    urllib3.connectionpool https://asia-northeast1-run.googleapis.com:443 "GET /apis/serving.knative.dev/v1/namespaces/tcloud-data-analysis/services/ncf-api?alt=json HTTP/1.1" 200 None
2023-06-15 09:04:29,508 DEBUG    urllib3.connectionpool Starting new HTTPS connection (1): asia-northeast1-run.googleapis.com:443
2023-06-15 09:04:29,755 DEBUG    urllib3.connectionpool https://asia-northeast1-run.googleapis.com:443 "GET /apis/serving.knative.dev/v1/namespaces/tcloud-data-analysis/services/ncf-api?alt=json HTTP/1.1" 200 None
2023-06-15 09:04:30,765 DEBUG    urllib3.connectionpool Starting new HTTPS connection (1): asia-northeast1-run.googleapis.com:443
2023-06-15 09:04:31,029 DEBUG    urllib3.connectionpool https://asia-northeast1-run.googleapis.com:443 "GET /apis/serving.knative.dev/v1/namespaces/tcloud-data-analysis/services/ncf-api?alt=json HTTP/1.1" 200 None
2023-06-15 09:04:32,040 DEBUG    urllib3.connectionpool Starting new HTTPS connection (1): asia-northeast1-run.googleapis.com:443
2023-06-15 09:04:32,112 DEBUG    urllib3.connectionpool https://asia-northeast1-run.googleapis.com:443 "GET /apis/serving.knative.dev/v1/namespaces/tcloud-data-analysis/services/ncf-api?alt=json HTTP/1.1" 200 None
2023-06-15 09:04:33,121 DEBUG    urllib3.connectionpool Starting new HTTPS connection (1): asia-northeast1-run.googleapis.com:443
2023-06-15 09:04:33,372 DEBUG    urllib3.connectionpool https://asia-northeast1-run.googleapis.com:443 "GET /apis/serving.knative.dev/v1/namespaces/tcloud-data-analysis/services/ncf-api?alt=json HTTP/1.1" 200 None
2023-06-15 09:04:34,383 DEBUG    urllib3.connectionpool Starting new HTTPS connection (1): asia-northeast1-run.googleapis.com:443
2023-06-15 09:04:34,629 DEBUG    urllib3.connectionpool https://asia-northeast1-run.googleapis.com:443 "GET /apis/serving.knative.dev/v1/namespaces/tcloud-data-analysis/services/ncf-api?alt=json HTTP/1.1" 200 None
2023-06-15 09:04:35,639 DEBUG    urllib3.connectionpool Starting new HTTPS connection (1): asia-northeast1-run.googleapis.com:443
2023-06-15 09:04:35,886 DEBUG    urllib3.connectionpool https://asia-northeast1-run.googleapis.com:443 "GET /apis/serving.knative.dev/v1/namespaces/tcloud-data-analysis/services/ncf-api?alt=json HTTP/1.1" 200 None
2023-06-15 09:04:36,896 DEBUG    urllib3.connectionpool Starting new HTTPS connection (1): asia-northeast1-run.googleapis.com:443
2023-06-15 09:04:37,160 DEBUG    urllib3.connectionpool https://asia-northeast1-run.googleapis.com:443 "GET /apis/serving.knative.dev/v1/namespaces/tcloud-data-analysis/services/ncf-api?alt=json HTTP/1.1" 200 None
2023-06-15 09:04:38,169 DEBUG    urllib3.connectionpool Starting new HTTPS connection (1): asia-northeast1-run.googleapis.com:443
2023-06-15 09:04:38,430 DEBUG    urllib3.connectionpool https://asia-northeast1-run.googleapis.com:443 "GET /apis/serving.knative.dev/v1/namespaces/tcloud-data-analysis/services/ncf-api?alt=json HTTP/1.1" 200 None
2023-06-15 09:04:39,440 DEBUG    urllib3.connectionpool Starting new HTTPS connection (1): asia-northeast1-run.googleapis.com:443
2023-06-15 09:04:39,696 DEBUG    urllib3.connectionpool https://asia-northeast1-run.googleapis.com:443 "GET /apis/serving.knative.dev/v1/namespaces/tcloud-data-analysis/services/ncf-api?alt=json HTTP/1.1" 200 None
2023-06-15 09:04:40,706 DEBUG    urllib3.connectionpool Starting new HTTPS connection (1): asia-northeast1-run.googleapis.com:443
2023-06-15 09:04:40,949 DEBUG    urllib3.connectionpool https://asia-northeast1-run.googleapis.com:443 "GET /apis/serving.knative.dev/v1/namespaces/tcloud-data-analysis/services/ncf-api?alt=json HTTP/1.1" 200 None
2023-06-15 09:04:41,959 DEBUG    urllib3.connectionpool Starting new HTTPS connection (1): asia-northeast1-run.googleapis.com:443
2023-06-15 09:04:42,195 DEBUG    urllib3.connectionpool https://asia-northeast1-run.googleapis.com:443 "GET /apis/serving.knative.dev/v1/namespaces/tcloud-data-analysis/services/ncf-api?alt=json HTTP/1.1" 200 None
2023-06-15 09:04:43,205 DEBUG    urllib3.connectionpool Starting new HTTPS connection (1): asia-northeast1-run.googleapis.com:443
2023-06-15 09:04:43,448 DEBUG    urllib3.connectionpool https://asia-northeast1-run.googleapis.com:443 "GET /apis/serving.knative.dev/v1/namespaces/tcloud-data-analysis/services/ncf-api?alt=json HTTP/1.1" 200 None
2023-06-15 09:04:44,458 DEBUG    urllib3.connectionpool Starting new HTTPS connection (1): asia-northeast1-run.googleapis.com:443
2023-06-15 09:04:44,722 DEBUG    urllib3.connectionpool https://asia-northeast1-run.googleapis.com:443 "GET /apis/serving.knative.dev/v1/namespaces/tcloud-data-analysis/services/ncf-api?alt=json HTTP/1.1" 200 None
2023-06-15 09:04:45,731 DEBUG    urllib3.connectionpool Starting new HTTPS connection (1): asia-northeast1-run.googleapis.com:443
2023-06-15 09:04:45,981 DEBUG    urllib3.connectionpool https://asia-northeast1-run.googleapis.com:443 "GET /apis/serving.knative.dev/v1/namespaces/tcloud-data-analysis/services/ncf-api?alt=json HTTP/1.1" 200 None
2023-06-15 09:04:46,991 DEBUG    urllib3.connectionpool Starting new HTTPS connection (1): asia-northeast1-run.googleapis.com:443
2023-06-15 09:04:47,248 DEBUG    urllib3.connectionpool https://asia-northeast1-run.googleapis.com:443 "GET /apis/serving.knative.dev/v1/namespaces/tcloud-data-analysis/services/ncf-api?alt=json HTTP/1.1" 200 None
2023-06-15 09:04:48,258 DEBUG    urllib3.connectionpool Starting new HTTPS connection (1): asia-northeast1-run.googleapis.com:443
2023-06-15 09:04:48,531 DEBUG    urllib3.connectionpool https://asia-northeast1-run.googleapis.com:443 "GET /apis/serving.knative.dev/v1/namespaces/tcloud-data-analysis/services/ncf-api?alt=json HTTP/1.1" 200 None
2023-06-15 09:04:49,540 DEBUG    urllib3.connectionpool Starting new HTTPS connection (1): asia-northeast1-run.googleapis.com:443
2023-06-15 09:04:49,817 DEBUG    urllib3.connectionpool https://asia-northeast1-run.googleapis.com:443 "GET /apis/serving.knative.dev/v1/namespaces/tcloud-data-analysis/services/ncf-api?alt=json HTTP/1.1" 200 None
2023-06-15 09:04:50,828 DEBUG    urllib3.connectionpool Starting new HTTPS connection (1): asia-northeast1-run.googleapis.com:443
2023-06-15 09:04:51,066 DEBUG    urllib3.connectionpool https://asia-northeast1-run.googleapis.com:443 "GET /apis/serving.knative.dev/v1/namespaces/tcloud-data-analysis/services/ncf-api?alt=json HTTP/1.1" 200 None
2023-06-15 09:04:52,076 DEBUG    urllib3.connectionpool Starting new HTTPS connection (1): asia-northeast1-run.googleapis.com:443
2023-06-15 09:04:52,338 DEBUG    urllib3.connectionpool https://asia-northeast1-run.googleapis.com:443 "GET /apis/serving.knative.dev/v1/namespaces/tcloud-data-analysis/services/ncf-api?alt=json HTTP/1.1" 200 None
2023-06-15 09:04:53,348 DEBUG    urllib3.connectionpool Starting new HTTPS connection (1): asia-northeast1-run.googleapis.com:443
2023-06-15 09:04:53,609 DEBUG    urllib3.connectionpool https://asia-northeast1-run.googleapis.com:443 "GET /apis/serving.knative.dev/v1/namespaces/tcloud-data-analysis/services/ncf-api?alt=json HTTP/1.1" 200 None
2023-06-15 09:04:54,619 DEBUG    urllib3.connectionpool Starting new HTTPS connection (1): asia-northeast1-run.googleapis.com:443
2023-06-15 09:04:54,693 DEBUG    urllib3.connectionpool https://asia-northeast1-run.googleapis.com:443 "GET /apis/serving.knative.dev/v1/namespaces/tcloud-data-analysis/services/ncf-api?alt=json HTTP/1.1" 200 None
2023-06-15 09:04:55,703 DEBUG    urllib3.connectionpool Starting new HTTPS connection (1): asia-northeast1-run.googleapis.com:443
2023-06-15 09:04:55,987 DEBUG    urllib3.connectionpool https://asia-northeast1-run.googleapis.com:443 "GET /apis/serving.knative.dev/v1/namespaces/tcloud-data-analysis/services/ncf-api?alt=json HTTP/1.1" 200 None
2023-06-15 09:04:56,996 DEBUG    urllib3.connectionpool Starting new HTTPS connection (1): asia-northeast1-run.googleapis.com:443
2023-06-15 09:04:57,238 DEBUG    urllib3.connectionpool https://asia-northeast1-run.googleapis.com:443 "GET /apis/serving.knative.dev/v1/namespaces/tcloud-data-analysis/services/ncf-api?alt=json HTTP/1.1" 200 None
2023-06-15 09:04:58,247 DEBUG    urllib3.connectionpool Starting new HTTPS connection (1): asia-northeast1-run.googleapis.com:443
2023-06-15 09:04:58,520 DEBUG    urllib3.connectionpool https://asia-northeast1-run.googleapis.com:443 "GET /apis/serving.knative.dev/v1/namespaces/tcloud-data-analysis/services/ncf-api?alt=json HTTP/1.1" 200 None
2023-06-15 09:04:59,530 DEBUG    urllib3.connectionpool Starting new HTTPS connection (1): asia-northeast1-run.googleapis.com:443
2023-06-15 09:04:59,774 DEBUG    urllib3.connectionpool https://asia-northeast1-run.googleapis.com:443 "GET /apis/serving.knative.dev/v1/namespaces/tcloud-data-analysis/services/ncf-api?alt=json HTTP/1.1" 200 None
2023-06-15 09:05:00,783 DEBUG    urllib3.connectionpool Starting new HTTPS connection (1): asia-northeast1-run.googleapis.com:443
2023-06-15 09:05:01,043 DEBUG    urllib3.connectionpool https://asia-northeast1-run.googleapis.com:443 "GET /apis/serving.knative.dev/v1/namespaces/tcloud-data-analysis/services/ncf-api?alt=json HTTP/1.1" 200 None
2023-06-15 09:05:02,052 DEBUG    urllib3.connectionpool Starting new HTTPS connection (1): asia-northeast1-run.googleapis.com:443
2023-06-15 09:05:02,299 DEBUG    urllib3.connectionpool https://asia-northeast1-run.googleapis.com:443 "GET /apis/serving.knative.dev/v1/namespaces/tcloud-data-analysis/services/ncf-api?alt=json HTTP/1.1" 200 None
2023-06-15 09:05:03,311 DEBUG    urllib3.connectionpool Starting new HTTPS connection (1): asia-northeast1-run.googleapis.com:443
2023-06-15 09:05:03,581 DEBUG    urllib3.connectionpool https://asia-northeast1-run.googleapis.com:443 "GET /apis/serving.knative.dev/v1/namespaces/tcloud-data-analysis/services/ncf-api?alt=json HTTP/1.1" 200 None
2023-06-15 09:05:04,591 DEBUG    urllib3.connectionpool Starting new HTTPS connection (1): asia-northeast1-run.googleapis.com:443
2023-06-15 09:05:04,845 DEBUG    urllib3.connectionpool https://asia-northeast1-run.googleapis.com:443 "GET /apis/serving.knative.dev/v1/namespaces/tcloud-data-analysis/services/ncf-api?alt=json HTTP/1.1" 200 None
2023-06-15 09:05:04,853 DEBUG    urllib3.connectionpool Starting new HTTPS connection (1): asia-northeast1-run.googleapis.com:443
2023-06-15 09:05:05,123 DEBUG    urllib3.connectionpool https://asia-northeast1-run.googleapis.com:443 "GET /apis/serving.knative.dev/v1/namespaces/tcloud-data-analysis/services/ncf-api?alt=json HTTP/1.1" 200 None
2023-06-15 09:05:05,220 INFO     ___FILE_ONLY___   Setting IAM policy failed, try "gcloud beta run services add-iam-policy-binding --region=asia-northeast1 --member=allUsers --role=roles/run.invoker ncf-api"

2023-06-15 09:05:05,223 DEBUG    urllib3.connectionpool Starting new HTTPS connection (1): asia-northeast1-run.googleapis.com:443
2023-06-15 09:05:05,484 DEBUG    urllib3.connectionpool https://asia-northeast1-run.googleapis.com:443 "GET /apis/serving.knative.dev/v1/namespaces/tcloud-data-analysis/services/ncf-api?alt=json HTTP/1.1" 200 None
2023-06-15 09:05:05,490 INFO     ___FILE_ONLY___ Service [[1mncf-api[m] revision [[1mncf-api-00001-xep[m] has been deployed and is serving [1m100[m percent of traffic.
Service URL: [1mhttps://ncf-api-dwk7wxuqya-an.a.run.app[m

2023-06-15 09:05:05,491 DEBUG    root            Chosen display Format:none
2023-06-15 09:05:05,492 INFO     root            Display format: "none"
2023-06-15 09:05:05,497 DEBUG    root            SDK update checks are disabled.
